<?xml version="1.0" encoding="UTF-8"?>
<testng-results ignored="0" total="1" passed="1" failed="0" skipped="0">
  <reporter-output>
  </reporter-output>
  <suite started-at="2023-07-29T22:01:43 EET" name="Default suite" finished-at="2023-07-29T22:01:44 EET" duration-ms="1266">
    <groups>
    </groups>
    <test started-at="2023-07-29T22:01:43 EET" name="Default test" finished-at="2023-07-29T22:01:44 EET" duration-ms="1266">
      <class name="tests.LoginTest">
        <test-method is-config="true" signature="startDriver()[pri:0, instance:tests.LoginTest@3646a422]" started-at="2023-07-29T22:01:34 EET" name="startDriver" finished-at="2023-07-29T22:01:43 EET" duration-ms="8303" status="PASS">
          <reporter-output>
          </reporter-output>
        </test-method> <!-- startDriver -->
        <test-method signature="LoginSuccess()[pri:0, instance:tests.LoginTest@3646a422]" started-at="2023-07-29T22:01:43 EET" name="LoginSuccess" finished-at="2023-07-29T22:01:44 EET" duration-ms="1234" status="PASS">
          <reporter-output>
          </reporter-output>
        </test-method> <!-- LoginSuccess -->
        <test-method is-config="true" signature="stopDriver()[pri:0, instance:tests.LoginTest@3646a422]" started-at="2023-07-29T22:01:44 EET" name="stopDriver" finished-at="2023-07-29T22:01:45 EET" duration-ms="1319" status="PASS">
          <reporter-output>
          </reporter-output>
        </test-method> <!-- stopDriver -->
      </class> <!-- tests.LoginTest -->
    </test> <!-- Default test -->
  </suite> <!-- Default suite -->
</testng-results>
